2020-10-09T16:30:03-0400 [INFO    ] dandi Traversing remote dandisets (000011) recursively
2020-10-09T16:30:03-0400 [INFO    ] backups2datalad.py Updating metadata file
2020-10-09T16:30:09-0400 [INFO    ] backups2datalad.py Syncing asset /sub-255200/sub-255200_ses-20140910_behavior+ecephys+ogen.nwb
2020-10-09T16:30:09-0400 [WARNING ] backups2datalad.py Asset metadata does not include sha256 hash
2020-10-09T16:30:09-0400 [INFO    ] backups2datalad.py Asset in dataset, hash not available, and size is unchanged; will not update
2020-10-09T16:30:09-0400 [INFO    ] backups2datalad.py Syncing asset /sub-255200/sub-255200_ses-20140910_behavior.nwb
2020-10-09T16:30:09-0400 [WARNING ] backups2datalad.py Asset metadata does not include sha256 hash
2020-10-09T16:30:10-0400 [INFO    ] backups2datalad.py Asset in dataset, hash not available, and size is unchanged; will not update
2020-10-09T16:30:10-0400 [INFO    ] backups2datalad.py Syncing asset /sub-255200/sub-255200_ses-20140911_behavior+ecephys+ogen.nwb
2020-10-09T16:30:10-0400 [WARNING ] backups2datalad.py Asset metadata does not include sha256 hash
2020-10-09T16:30:10-0400 [INFO    ] backups2datalad.py Asset in dataset, hash not available, and size is unchanged; will not update
2020-10-09T16:30:10-0400 [INFO    ] backups2datalad.py Syncing asset /sub-255200/sub-255200_ses-20140912_behavior+ecephys+ogen.nwb
2020-10-09T16:30:10-0400 [WARNING ] backups2datalad.py Asset metadata does not include sha256 hash
2020-10-09T16:30:10-0400 [INFO    ] backups2datalad.py Asset in dataset, hash not available, and size is unchanged; will not update
2020-10-09T16:30:10-0400 [INFO    ] backups2datalad.py Syncing asset /sub-255200/sub-255200_ses-20140913_behavior+ecephys+ogen.nwb
2020-10-09T16:30:10-0400 [WARNING ] backups2datalad.py Asset metadata does not include sha256 hash
2020-10-09T16:30:11-0400 [INFO    ] backups2datalad.py Asset in dataset, hash not available, and size is unchanged; will not update
2020-10-09T16:30:11-0400 [INFO    ] backups2datalad.py Syncing asset /sub-255200/sub-255200_ses-20140914_behavior+ecephys+ogen.nwb
2020-10-09T16:30:11-0400 [WARNING ] backups2datalad.py Asset metadata does not include sha256 hash
2020-10-09T16:30:11-0400 [INFO    ] backups2datalad.py Asset in dataset, hash not available, and size is unchanged; will not update
2020-10-09T16:30:11-0400 [INFO    ] backups2datalad.py Syncing asset /sub-255200/sub-255200_ses-20140915_behavior+ecephys+ogen.nwb
2020-10-09T16:30:11-0400 [WARNING ] backups2datalad.py Asset metadata does not include sha256 hash
2020-10-09T16:30:11-0400 [INFO    ] backups2datalad.py Asset in dataset, hash not available, and size is unchanged; will not update
2020-10-09T16:30:11-0400 [INFO    ] backups2datalad.py Syncing asset /sub-255200/sub-255200_ses-20140916_behavior+ecephys+ogen.nwb
2020-10-09T16:30:11-0400 [WARNING ] backups2datalad.py Asset metadata does not include sha256 hash
2020-10-09T16:30:11-0400 [INFO    ] backups2datalad.py Asset in dataset, hash not available, and size is unchanged; will not update
2020-10-09T16:30:11-0400 [INFO    ] backups2datalad.py Syncing asset /sub-255201/sub-255201_ses-20141120_behavior+ecephys+ogen.nwb
2020-10-09T16:30:11-0400 [WARNING ] backups2datalad.py Asset metadata does not include sha256 hash
2020-10-09T16:30:12-0400 [INFO    ] backups2datalad.py Asset in dataset, hash not available, and size is unchanged; will not update
2020-10-09T16:30:12-0400 [INFO    ] backups2datalad.py Syncing asset /sub-255201/sub-255201_ses-20141121_behavior+ecephys+ogen.nwb
2020-10-09T16:30:12-0400 [WARNING ] backups2datalad.py Asset metadata does not include sha256 hash
2020-10-09T16:30:12-0400 [INFO    ] backups2datalad.py Asset in dataset, hash not available, and size is unchanged; will not update
2020-10-09T16:30:12-0400 [INFO    ] backups2datalad.py Syncing asset /sub-255201/sub-255201_ses-20141122_behavior+ecephys+ogen.nwb
2020-10-09T16:30:12-0400 [WARNING ] backups2datalad.py Asset metadata does not include sha256 hash
2020-10-09T16:30:12-0400 [INFO    ] backups2datalad.py Asset in dataset, hash not available, and size is unchanged; will not update
2020-10-09T16:30:12-0400 [INFO    ] backups2datalad.py Syncing asset /sub-255201/sub-255201_ses-20141123_behavior+ecephys+ogen.nwb
2020-10-09T16:30:12-0400 [WARNING ] backups2datalad.py Asset metadata does not include sha256 hash
2020-10-09T16:30:13-0400 [INFO    ] backups2datalad.py Asset in dataset, hash not available, and size is unchanged; will not update
2020-10-09T16:30:13-0400 [INFO    ] backups2datalad.py Syncing asset /sub-255201/sub-255201_ses-20141124_behavior+ecephys+ogen.nwb
2020-10-09T16:30:13-0400 [WARNING ] backups2datalad.py Asset metadata does not include sha256 hash
2020-10-09T16:30:13-0400 [INFO    ] backups2datalad.py Asset in dataset, hash not available, and size is unchanged; will not update
2020-10-09T16:30:13-0400 [INFO    ] backups2datalad.py Syncing asset /sub-255201/sub-255201_ses-20141125_behavior+ecephys+ogen.nwb
2020-10-09T16:30:13-0400 [WARNING ] backups2datalad.py Asset metadata does not include sha256 hash
2020-10-09T16:30:13-0400 [INFO    ] backups2datalad.py Asset in dataset, hash not available, and size is unchanged; will not update
2020-10-09T16:30:13-0400 [INFO    ] backups2datalad.py Syncing asset /sub-255203/sub-255203_ses-20141112_behavior+ecephys+ogen.nwb
2020-10-09T16:30:13-0400 [WARNING ] backups2datalad.py Asset metadata does not include sha256 hash
2020-10-09T16:30:14-0400 [INFO    ] backups2datalad.py Asset in dataset, hash not available, and size is unchanged; will not update
2020-10-09T16:30:14-0400 [INFO    ] backups2datalad.py Syncing asset /sub-255203/sub-255203_ses-20141113_behavior+ecephys+ogen.nwb
2020-10-09T16:30:14-0400 [WARNING ] backups2datalad.py Asset metadata does not include sha256 hash
2020-10-09T16:30:14-0400 [INFO    ] backups2datalad.py Asset in dataset, hash not available, and size is unchanged; will not update
2020-10-09T16:30:14-0400 [INFO    ] backups2datalad.py Syncing asset /sub-255203/sub-255203_ses-20141114_behavior+ecephys+ogen.nwb
2020-10-09T16:30:14-0400 [WARNING ] backups2datalad.py Asset metadata does not include sha256 hash
2020-10-09T16:30:14-0400 [INFO    ] backups2datalad.py Asset in dataset, hash not available, and size is unchanged; will not update
2020-10-09T16:30:14-0400 [INFO    ] backups2datalad.py Syncing asset /sub-255203/sub-255203_ses-20141115_behavior+ecephys+ogen.nwb
2020-10-09T16:30:14-0400 [WARNING ] backups2datalad.py Asset metadata does not include sha256 hash
2020-10-09T16:30:14-0400 [INFO    ] backups2datalad.py Asset in dataset, hash not available, and size is unchanged; will not update
2020-10-09T16:30:14-0400 [INFO    ] backups2datalad.py Syncing asset /sub-255203/sub-255203_ses-20141116_behavior+ecephys+ogen.nwb
2020-10-09T16:30:14-0400 [WARNING ] backups2datalad.py Asset metadata does not include sha256 hash
2020-10-09T16:30:15-0400 [INFO    ] backups2datalad.py Asset in dataset, hash not available, and size is unchanged; will not update
2020-10-09T16:30:15-0400 [INFO    ] backups2datalad.py Syncing asset /sub-257636/sub-257636_ses-20150330_behavior+ecephys+ogen.nwb
2020-10-09T16:30:15-0400 [WARNING ] backups2datalad.py Asset metadata does not include sha256 hash
2020-10-09T16:30:15-0400 [INFO    ] backups2datalad.py Asset in dataset, hash not available, and size is unchanged; will not update
2020-10-09T16:30:15-0400 [INFO    ] backups2datalad.py Syncing asset /sub-257636/sub-257636_ses-20150331_behavior+ecephys+ogen.nwb
2020-10-09T16:30:15-0400 [WARNING ] backups2datalad.py Asset metadata does not include sha256 hash
2020-10-09T16:30:15-0400 [INFO    ] backups2datalad.py Asset in dataset, hash not available, and size is unchanged; will not update
2020-10-09T16:30:15-0400 [INFO    ] backups2datalad.py Syncing asset /sub-257636/sub-257636_ses-20150401_behavior+ecephys+ogen.nwb
2020-10-09T16:30:15-0400 [WARNING ] backups2datalad.py Asset metadata does not include sha256 hash
2020-10-09T16:30:16-0400 [INFO    ] backups2datalad.py Asset in dataset, hash not available, and size is unchanged; will not update
2020-10-09T16:30:16-0400 [INFO    ] backups2datalad.py Syncing asset /sub-257636/sub-257636_ses-20150403_behavior+ecephys+ogen.nwb
2020-10-09T16:30:16-0400 [WARNING ] backups2datalad.py Asset metadata does not include sha256 hash
2020-10-09T16:30:16-0400 [INFO    ] backups2datalad.py Asset in dataset, hash not available, and size is unchanged; will not update
2020-10-09T16:30:16-0400 [INFO    ] backups2datalad.py Syncing asset /sub-257636/sub-257636_ses-20150404_behavior+ecephys+ogen.nwb
2020-10-09T16:30:16-0400 [WARNING ] backups2datalad.py Asset metadata does not include sha256 hash
2020-10-09T16:30:16-0400 [INFO    ] backups2datalad.py Asset in dataset, hash not available, and size is unchanged; will not update
2020-10-09T16:30:16-0400 [INFO    ] backups2datalad.py Syncing asset /sub-257637/sub-257637_ses-20141222_behavior+ecephys+ogen.nwb
2020-10-09T16:30:16-0400 [WARNING ] backups2datalad.py Asset metadata does not include sha256 hash
2020-10-09T16:30:17-0400 [INFO    ] backups2datalad.py Asset in dataset, hash not available, and size is unchanged; will not update
2020-10-09T16:30:17-0400 [INFO    ] backups2datalad.py Syncing asset /sub-257637/sub-257637_ses-20141223_behavior+ecephys+ogen.nwb
2020-10-09T16:30:17-0400 [WARNING ] backups2datalad.py Asset metadata does not include sha256 hash
2020-10-09T16:30:17-0400 [INFO    ] backups2datalad.py Asset in dataset, hash not available, and size is unchanged; will not update
2020-10-09T16:30:17-0400 [INFO    ] backups2datalad.py Syncing asset /sub-257637/sub-257637_ses-20141224_behavior+ecephys+ogen.nwb
2020-10-09T16:30:17-0400 [WARNING ] backups2datalad.py Asset metadata does not include sha256 hash
2020-10-09T16:30:17-0400 [INFO    ] backups2datalad.py Asset in dataset, hash not available, and size is unchanged; will not update
2020-10-09T16:30:17-0400 [INFO    ] backups2datalad.py Syncing asset /sub-257772/sub-257772_ses-20141120_behavior+ecephys+ogen.nwb
2020-10-09T16:30:17-0400 [WARNING ] backups2datalad.py Asset metadata does not include sha256 hash
2020-10-09T16:30:18-0400 [INFO    ] backups2datalad.py Asset in dataset, hash not available, and size is unchanged; will not update
2020-10-09T16:30:18-0400 [INFO    ] backups2datalad.py Syncing asset /sub-257772/sub-257772_ses-20141121_behavior+ecephys+ogen.nwb
2020-10-09T16:30:18-0400 [WARNING ] backups2datalad.py Asset metadata does not include sha256 hash
2020-10-09T16:30:18-0400 [INFO    ] backups2datalad.py Asset in dataset, hash not available, and size is unchanged; will not update
2020-10-09T16:30:18-0400 [INFO    ] backups2datalad.py Syncing asset /sub-257772/sub-257772_ses-20141122_behavior+ecephys+ogen.nwb
2020-10-09T16:30:18-0400 [WARNING ] backups2datalad.py Asset metadata does not include sha256 hash
2020-10-09T16:30:18-0400 [INFO    ] backups2datalad.py Asset in dataset, hash not available, and size is unchanged; will not update
2020-10-09T16:30:18-0400 [INFO    ] backups2datalad.py Syncing asset /sub-257772/sub-257772_ses-20141123_behavior+ecephys+ogen.nwb
2020-10-09T16:30:18-0400 [WARNING ] backups2datalad.py Asset metadata does not include sha256 hash
2020-10-09T16:30:19-0400 [INFO    ] backups2datalad.py Asset in dataset, hash not available, and size is unchanged; will not update
2020-10-09T16:30:19-0400 [INFO    ] backups2datalad.py Syncing asset /sub-257772/sub-257772_ses-20141124_behavior+ecephys+ogen.nwb
2020-10-09T16:30:19-0400 [WARNING ] backups2datalad.py Asset metadata does not include sha256 hash
2020-10-09T16:30:19-0400 [INFO    ] backups2datalad.py Asset in dataset, hash not available, and size is unchanged; will not update
2020-10-09T16:30:19-0400 [INFO    ] backups2datalad.py Syncing asset /sub-257772/sub-257772_ses-20141125_behavior+ecephys+ogen.nwb
2020-10-09T16:30:19-0400 [WARNING ] backups2datalad.py Asset metadata does not include sha256 hash
2020-10-09T16:30:19-0400 [INFO    ] backups2datalad.py Asset in dataset, hash not available, and size is unchanged; will not update
2020-10-09T16:30:19-0400 [INFO    ] backups2datalad.py Syncing asset /sub-258250/sub-258250_ses-20141201_behavior+ecephys+ogen.nwb
2020-10-09T16:30:19-0400 [WARNING ] backups2datalad.py Asset metadata does not include sha256 hash
2020-10-09T16:30:20-0400 [INFO    ] backups2datalad.py Asset in dataset, hash not available, and size is unchanged; will not update
2020-10-09T16:30:20-0400 [INFO    ] backups2datalad.py Syncing asset /sub-258250/sub-258250_ses-20141202_behavior+ecephys+ogen.nwb
2020-10-09T16:30:20-0400 [WARNING ] backups2datalad.py Asset metadata does not include sha256 hash
2020-10-09T16:30:20-0400 [INFO    ] backups2datalad.py Asset in dataset, hash not available, and size is unchanged; will not update
2020-10-09T16:30:20-0400 [INFO    ] backups2datalad.py Syncing asset /sub-258250/sub-258250_ses-20141203_behavior+ecephys+ogen.nwb
2020-10-09T16:30:20-0400 [WARNING ] backups2datalad.py Asset metadata does not include sha256 hash
2020-10-09T16:30:20-0400 [INFO    ] backups2datalad.py Asset in dataset, hash not available, and size is unchanged; will not update
2020-10-09T16:30:20-0400 [INFO    ] backups2datalad.py Syncing asset /sub-258250/sub-258250_ses-20141205_behavior+ecephys+ogen.nwb
2020-10-09T16:30:20-0400 [WARNING ] backups2datalad.py Asset metadata does not include sha256 hash
2020-10-09T16:30:21-0400 [INFO    ] backups2datalad.py Asset in dataset, hash not available, and size is unchanged; will not update
2020-10-09T16:30:21-0400 [INFO    ] backups2datalad.py Syncing asset /sub-263808/sub-263808_ses-20150121_behavior+ecephys+ogen.nwb
2020-10-09T16:30:21-0400 [WARNING ] backups2datalad.py Asset metadata does not include sha256 hash
2020-10-09T16:30:21-0400 [INFO    ] backups2datalad.py Asset in dataset, hash not available, and size is unchanged; will not update
2020-10-09T16:30:21-0400 [INFO    ] backups2datalad.py Syncing asset /sub-263808/sub-263808_ses-20150122_behavior+ecephys+ogen.nwb
2020-10-09T16:30:21-0400 [WARNING ] backups2datalad.py Asset metadata does not include sha256 hash
2020-10-09T16:30:21-0400 [INFO    ] backups2datalad.py Asset in dataset, hash not available, and size is unchanged; will not update
2020-10-09T16:30:21-0400 [INFO    ] backups2datalad.py Syncing asset /sub-263808/sub-263808_ses-20150123_behavior+ecephys+ogen.nwb
2020-10-09T16:30:21-0400 [WARNING ] backups2datalad.py Asset metadata does not include sha256 hash
2020-10-09T16:30:22-0400 [INFO    ] backups2datalad.py Asset in dataset, hash not available, and size is unchanged; will not update
2020-10-09T16:30:22-0400 [INFO    ] backups2datalad.py Syncing asset /sub-263808/sub-263808_ses-20150124_behavior+ecephys+ogen.nwb
2020-10-09T16:30:22-0400 [WARNING ] backups2datalad.py Asset metadata does not include sha256 hash
2020-10-09T16:30:22-0400 [INFO    ] backups2datalad.py Asset in dataset, hash not available, and size is unchanged; will not update
2020-10-09T16:30:22-0400 [INFO    ] backups2datalad.py Syncing asset /sub-263808/sub-263808_ses-20150125_behavior+ecephys+ogen.nwb
2020-10-09T16:30:22-0400 [WARNING ] backups2datalad.py Asset metadata does not include sha256 hash
2020-10-09T16:30:22-0400 [INFO    ] backups2datalad.py Asset in dataset, hash not available, and size is unchanged; will not update
2020-10-09T16:30:22-0400 [INFO    ] backups2datalad.py Syncing asset /sub-263808/sub-263808_ses-20150126_behavior+ecephys+ogen.nwb
2020-10-09T16:30:22-0400 [WARNING ] backups2datalad.py Asset metadata does not include sha256 hash
2020-10-09T16:30:23-0400 [INFO    ] backups2datalad.py Asset in dataset, hash not available, and size is unchanged; will not update
2020-10-09T16:30:23-0400 [INFO    ] backups2datalad.py Syncing asset /sub-263810/sub-263810_ses-20150121_behavior+ecephys+ogen.nwb
2020-10-09T16:30:23-0400 [WARNING ] backups2datalad.py Asset metadata does not include sha256 hash
2020-10-09T16:30:23-0400 [INFO    ] backups2datalad.py Asset in dataset, hash not available, and size is unchanged; will not update
2020-10-09T16:30:23-0400 [INFO    ] backups2datalad.py Syncing asset /sub-263810/sub-263810_ses-20150122_behavior+ecephys+ogen.nwb
2020-10-09T16:30:23-0400 [WARNING ] backups2datalad.py Asset metadata does not include sha256 hash
2020-10-09T16:30:23-0400 [INFO    ] backups2datalad.py Asset in dataset, hash not available, and size is unchanged; will not update
2020-10-09T16:30:23-0400 [INFO    ] backups2datalad.py Syncing asset /sub-263810/sub-263810_ses-20150123_behavior+ecephys+ogen.nwb
2020-10-09T16:30:23-0400 [WARNING ] backups2datalad.py Asset metadata does not include sha256 hash
2020-10-09T16:30:24-0400 [INFO    ] backups2datalad.py Asset in dataset, hash not available, and size is unchanged; will not update
2020-10-09T16:30:24-0400 [INFO    ] backups2datalad.py Syncing asset /sub-263810/sub-263810_ses-20150124_behavior+ecephys+ogen.nwb
2020-10-09T16:30:24-0400 [WARNING ] backups2datalad.py Asset metadata does not include sha256 hash
2020-10-09T16:30:24-0400 [INFO    ] backups2datalad.py Asset in dataset, hash not available, and size is unchanged; will not update
2020-10-09T16:30:24-0400 [INFO    ] backups2datalad.py Syncing asset /sub-263810/sub-263810_ses-20150125_behavior+ecephys+ogen.nwb
2020-10-09T16:30:24-0400 [WARNING ] backups2datalad.py Asset metadata does not include sha256 hash
2020-10-09T16:30:24-0400 [INFO    ] backups2datalad.py Asset in dataset, hash not available, and size is unchanged; will not update
2020-10-09T16:30:24-0400 [INFO    ] backups2datalad.py Syncing asset /sub-263810/sub-263810_ses-20150126_behavior+ecephys+ogen.nwb
2020-10-09T16:30:24-0400 [WARNING ] backups2datalad.py Asset metadata does not include sha256 hash
2020-10-09T16:30:24-0400 [INFO    ] backups2datalad.py Asset in dataset, hash not available, and size is unchanged; will not update
2020-10-09T16:30:24-0400 [INFO    ] backups2datalad.py Syncing asset /sub-264411/sub-264411_ses-20141222_behavior+ecephys+ogen.nwb
2020-10-09T16:30:24-0400 [WARNING ] backups2datalad.py Asset metadata does not include sha256 hash
2020-10-09T16:30:25-0400 [INFO    ] backups2datalad.py Asset in dataset, hash not available, and size is unchanged; will not update
2020-10-09T16:30:25-0400 [INFO    ] backups2datalad.py Syncing asset /sub-264411/sub-264411_ses-20141223_behavior+ecephys+ogen.nwb
2020-10-09T16:30:25-0400 [WARNING ] backups2datalad.py Asset metadata does not include sha256 hash
2020-10-09T16:30:25-0400 [INFO    ] backups2datalad.py Asset in dataset, hash not available, and size is unchanged; will not update
2020-10-09T16:30:25-0400 [INFO    ] backups2datalad.py Syncing asset /sub-264411/sub-264411_ses-20141224_behavior+ecephys+ogen.nwb
2020-10-09T16:30:25-0400 [WARNING ] backups2datalad.py Asset metadata does not include sha256 hash
2020-10-09T16:30:25-0400 [INFO    ] backups2datalad.py Asset in dataset, hash not available, and size is unchanged; will not update
2020-10-09T16:30:25-0400 [INFO    ] backups2datalad.py Syncing asset /sub-270337/sub-270337_ses-20150303_behavior+ecephys+ogen.nwb
2020-10-09T16:30:25-0400 [WARNING ] backups2datalad.py Asset metadata does not include sha256 hash
2020-10-09T16:30:26-0400 [INFO    ] backups2datalad.py Asset in dataset, hash not available, and size is unchanged; will not update
2020-10-09T16:30:26-0400 [INFO    ] backups2datalad.py Syncing asset /sub-270337/sub-270337_ses-20150304_behavior+ecephys+ogen.nwb
2020-10-09T16:30:26-0400 [WARNING ] backups2datalad.py Asset metadata does not include sha256 hash
2020-10-09T16:30:26-0400 [INFO    ] backups2datalad.py Asset in dataset, hash not available, and size is unchanged; will not update
2020-10-09T16:30:26-0400 [INFO    ] backups2datalad.py Syncing asset /sub-270337/sub-270337_ses-20150306_behavior+ecephys+ogen.nwb
2020-10-09T16:30:26-0400 [WARNING ] backups2datalad.py Asset metadata does not include sha256 hash
2020-10-09T16:30:26-0400 [INFO    ] backups2datalad.py Asset in dataset, hash not available, and size is unchanged; will not update
2020-10-09T16:30:26-0400 [INFO    ] backups2datalad.py Syncing asset /sub-270340/sub-270340_ses-20150618_behavior+ecephys+ogen.nwb
2020-10-09T16:30:26-0400 [WARNING ] backups2datalad.py Asset metadata does not include sha256 hash
2020-10-09T16:30:27-0400 [INFO    ] backups2datalad.py Asset in dataset, hash not available, and size is unchanged; will not update
2020-10-09T16:30:27-0400 [INFO    ] backups2datalad.py Syncing asset /sub-270340/sub-270340_ses-20150619_behavior+ecephys+ogen.nwb
2020-10-09T16:30:27-0400 [WARNING ] backups2datalad.py Asset metadata does not include sha256 hash
2020-10-09T16:30:27-0400 [INFO    ] backups2datalad.py Asset in dataset, hash not available, and size is unchanged; will not update
2020-10-09T16:30:27-0400 [INFO    ] backups2datalad.py Syncing asset /sub-270340/sub-270340_ses-20150620_behavior+ecephys+ogen.nwb
2020-10-09T16:30:27-0400 [WARNING ] backups2datalad.py Asset metadata does not include sha256 hash
2020-10-09T16:30:27-0400 [INFO    ] backups2datalad.py Asset in dataset, hash not available, and size is unchanged; will not update
2020-10-09T16:30:27-0400 [INFO    ] backups2datalad.py Syncing asset /sub-270340/sub-270340_ses-20150621_behavior+ecephys+ogen.nwb
2020-10-09T16:30:27-0400 [WARNING ] backups2datalad.py Asset metadata does not include sha256 hash
2020-10-09T16:30:27-0400 [INFO    ] backups2datalad.py Asset in dataset, hash not available, and size is unchanged; will not update
2020-10-09T16:30:27-0400 [INFO    ] backups2datalad.py Syncing asset /sub-270340/sub-270340_ses-20150623_behavior+ecephys+ogen.nwb
2020-10-09T16:30:27-0400 [WARNING ] backups2datalad.py Asset metadata does not include sha256 hash
2020-10-09T16:30:28-0400 [INFO    ] backups2datalad.py Asset in dataset, hash not available, and size is unchanged; will not update
2020-10-09T16:30:28-0400 [INFO    ] backups2datalad.py Syncing asset /sub-273657/sub-273657_ses-20150321_behavior+ecephys+ogen.nwb
2020-10-09T16:30:28-0400 [WARNING ] backups2datalad.py Asset metadata does not include sha256 hash
2020-10-09T16:30:28-0400 [INFO    ] backups2datalad.py Asset in dataset, hash not available, and size is unchanged; will not update
2020-10-09T16:30:28-0400 [INFO    ] backups2datalad.py Syncing asset /sub-273657/sub-273657_ses-20150322_behavior+ecephys+ogen.nwb
2020-10-09T16:30:28-0400 [WARNING ] backups2datalad.py Asset metadata does not include sha256 hash
2020-10-09T16:30:28-0400 [INFO    ] backups2datalad.py Asset in dataset, hash not available, and size is unchanged; will not update
2020-10-09T16:30:28-0400 [INFO    ] backups2datalad.py Syncing asset /sub-273657/sub-273657_ses-20150323_behavior+ecephys+ogen.nwb
2020-10-09T16:30:28-0400 [WARNING ] backups2datalad.py Asset metadata does not include sha256 hash
2020-10-09T16:30:29-0400 [INFO    ] backups2datalad.py Asset in dataset, hash not available, and size is unchanged; will not update
2020-10-09T16:30:29-0400 [INFO    ] backups2datalad.py Syncing asset /sub-273657/sub-273657_ses-20150325_behavior+ecephys+ogen.nwb
2020-10-09T16:30:29-0400 [WARNING ] backups2datalad.py Asset metadata does not include sha256 hash
2020-10-09T16:30:29-0400 [INFO    ] backups2datalad.py Asset in dataset, hash not available, and size is unchanged; will not update
2020-10-09T16:30:29-0400 [INFO    ] backups2datalad.py Syncing asset /sub-278733/sub-278733_ses-20150528_behavior+ecephys+ogen.nwb
2020-10-09T16:30:29-0400 [WARNING ] backups2datalad.py Asset metadata does not include sha256 hash
2020-10-09T16:30:29-0400 [INFO    ] backups2datalad.py Asset in dataset, hash not available, and size is unchanged; will not update
2020-10-09T16:30:29-0400 [INFO    ] backups2datalad.py Syncing asset /sub-278733/sub-278733_ses-20150530_behavior+ecephys+ogen.nwb
2020-10-09T16:30:29-0400 [WARNING ] backups2datalad.py Asset metadata does not include sha256 hash
2020-10-09T16:30:30-0400 [INFO    ] backups2datalad.py Asset in dataset, hash not available, and size is unchanged; will not update
2020-10-09T16:30:30-0400 [INFO    ] backups2datalad.py Syncing asset /sub-278733/sub-278733_ses-20150531_behavior+ecephys+ogen.nwb
2020-10-09T16:30:30-0400 [WARNING ] backups2datalad.py Asset metadata does not include sha256 hash
2020-10-09T16:30:30-0400 [INFO    ] backups2datalad.py Asset in dataset, hash not available, and size is unchanged; will not update
2020-10-09T16:30:30-0400 [INFO    ] backups2datalad.py Syncing asset /sub-278733/sub-278733_ses-20150601_behavior+ecephys+ogen.nwb
2020-10-09T16:30:30-0400 [WARNING ] backups2datalad.py Asset metadata does not include sha256 hash
2020-10-09T16:30:30-0400 [INFO    ] backups2datalad.py Asset in dataset, hash not available, and size is unchanged; will not update
2020-10-09T16:30:30-0400 [INFO    ] backups2datalad.py Syncing asset /sub-278733/sub-278733_ses-20150602_behavior+ecephys+ogen.nwb
2020-10-09T16:30:30-0400 [WARNING ] backups2datalad.py Asset metadata does not include sha256 hash
2020-10-09T16:30:30-0400 [INFO    ] backups2datalad.py Asset in dataset, hash not available, and size is unchanged; will not update
2020-10-09T16:30:30-0400 [INFO    ] backups2datalad.py Syncing asset /sub-278733/sub-278733_ses-20150603_behavior+ecephys+ogen.nwb
2020-10-09T16:30:30-0400 [WARNING ] backups2datalad.py Asset metadata does not include sha256 hash
2020-10-09T16:30:31-0400 [INFO    ] backups2datalad.py Asset in dataset, hash not available, and size is unchanged; will not update
2020-10-09T16:30:31-0400 [INFO    ] backups2datalad.py Syncing asset /sub-291063/sub-291063_ses-20150902_behavior+ecephys+ogen.nwb
2020-10-09T16:30:31-0400 [WARNING ] backups2datalad.py Asset metadata does not include sha256 hash
2020-10-09T16:30:31-0400 [INFO    ] backups2datalad.py Asset in dataset, hash not available, and size is unchanged; will not update
2020-10-09T16:30:31-0400 [INFO    ] backups2datalad.py Syncing asset /sub-291063/sub-291063_ses-20150904_behavior+ecephys+ogen.nwb
2020-10-09T16:30:31-0400 [WARNING ] backups2datalad.py Asset metadata does not include sha256 hash
2020-10-09T16:30:31-0400 [INFO    ] backups2datalad.py Asset in dataset, hash not available, and size is unchanged; will not update
2020-10-09T16:30:31-0400 [INFO    ] backups2datalad.py Syncing asset /sub-291063/sub-291063_ses-20150906_behavior+ecephys+ogen.nwb
2020-10-09T16:30:31-0400 [WARNING ] backups2datalad.py Asset metadata does not include sha256 hash
2020-10-09T16:30:32-0400 [INFO    ] backups2datalad.py Asset in dataset, hash not available, and size is unchanged; will not update
2020-10-09T16:30:32-0400 [INFO    ] backups2datalad.py Syncing asset /sub-291063/sub-291063_ses-20150907_behavior+ecephys+ogen.nwb
2020-10-09T16:30:32-0400 [WARNING ] backups2datalad.py Asset metadata does not include sha256 hash
2020-10-09T16:30:32-0400 [INFO    ] backups2datalad.py Asset in dataset, hash not available, and size is unchanged; will not update
2020-10-09T16:30:32-0400 [INFO    ] backups2datalad.py Syncing asset /sub-291064/sub-291064_ses-20150906_behavior+ecephys+ogen.nwb
2020-10-09T16:30:32-0400 [WARNING ] backups2datalad.py Asset metadata does not include sha256 hash
2020-10-09T16:30:32-0400 [INFO    ] backups2datalad.py Asset in dataset, hash not available, and size is unchanged; will not update
2020-10-09T16:30:32-0400 [INFO    ] backups2datalad.py Syncing asset /sub-291064/sub-291064_ses-20150907_behavior+ecephys+ogen.nwb
2020-10-09T16:30:32-0400 [WARNING ] backups2datalad.py Asset metadata does not include sha256 hash
2020-10-09T16:30:32-0400 [INFO    ] backups2datalad.py Asset in dataset, hash not available, and size is unchanged; will not update
2020-10-09T16:30:32-0400 [INFO    ] backups2datalad.py Syncing asset /sub-291064/sub-291064_ses-20150908_behavior+ecephys+ogen.nwb
2020-10-09T16:30:32-0400 [WARNING ] backups2datalad.py Asset metadata does not include sha256 hash
2020-10-09T16:30:33-0400 [INFO    ] backups2datalad.py Asset in dataset, hash not available, and size is unchanged; will not update
2020-10-09T16:30:33-0400 [INFO    ] backups2datalad.py Syncing asset /sub-291064/sub-291064_ses-20150909_behavior+ecephys+ogen.nwb
2020-10-09T16:30:33-0400 [WARNING ] backups2datalad.py Asset metadata does not include sha256 hash
2020-10-09T16:30:33-0400 [INFO    ] backups2datalad.py Asset in dataset, hash not available, and size is unchanged; will not update
2020-10-09T16:30:33-0400 [INFO    ] backups2datalad.py Syncing asset /sub-297634/sub-297634_ses-20150907_behavior+ecephys+ogen.nwb
2020-10-09T16:30:33-0400 [WARNING ] backups2datalad.py Asset metadata does not include sha256 hash
2020-10-09T16:30:33-0400 [INFO    ] backups2datalad.py Asset in dataset, hash not available, and size is unchanged; will not update
2020-10-09T16:30:33-0400 [INFO    ] backups2datalad.py Syncing asset /sub-297634/sub-297634_ses-20150908_behavior+ecephys+ogen.nwb
2020-10-09T16:30:33-0400 [WARNING ] backups2datalad.py Asset metadata does not include sha256 hash
2020-10-09T16:30:34-0400 [INFO    ] backups2datalad.py Asset in dataset, hash not available, and size is unchanged; will not update
2020-10-09T16:30:34-0400 [INFO    ] backups2datalad.py Syncing asset /sub-297634/sub-297634_ses-20150909_behavior+ecephys+ogen.nwb
2020-10-09T16:30:34-0400 [WARNING ] backups2datalad.py Asset metadata does not include sha256 hash
2020-10-09T16:30:34-0400 [INFO    ] backups2datalad.py Asset in dataset, hash not available, and size is unchanged; will not update
2020-10-09T16:30:34-0400 [INFO    ] backups2datalad.py Syncing asset /sub-297634/sub-297634_ses-20150910_behavior+ecephys+ogen.nwb
2020-10-09T16:30:34-0400 [WARNING ] backups2datalad.py Asset metadata does not include sha256 hash
2020-10-09T16:30:34-0400 [INFO    ] backups2datalad.py Asset in dataset, hash not available, and size is unchanged; will not update
2020-10-09T16:30:34-0400 [INFO    ] backups2datalad.py Syncing asset /sub-297634/sub-297634_ses-20150911_behavior+ecephys+ogen.nwb
2020-10-09T16:30:34-0400 [WARNING ] backups2datalad.py Asset metadata does not include sha256 hash
2020-10-09T16:30:35-0400 [INFO    ] backups2datalad.py Asset in dataset, hash not available, and size is unchanged; will not update
2020-10-09T16:30:35-0400 [INFO    ] backups2datalad.py Syncing asset /sub-298738/sub-298738_ses-20150724_behavior+ecephys+ogen.nwb
2020-10-09T16:30:35-0400 [WARNING ] backups2datalad.py Asset metadata does not include sha256 hash
2020-10-09T16:30:35-0400 [INFO    ] backups2datalad.py Asset in dataset, hash not available, and size is unchanged; will not update
2020-10-09T16:30:35-0400 [INFO    ] backups2datalad.py Syncing asset /sub-298738/sub-298738_ses-20150725_behavior+ecephys+ogen.nwb
2020-10-09T16:30:35-0400 [WARNING ] backups2datalad.py Asset metadata does not include sha256 hash
2020-10-09T16:30:35-0400 [INFO    ] backups2datalad.py Asset in dataset, hash not available, and size is unchanged; will not update
2020-10-09T16:30:35-0400 [INFO    ] backups2datalad.py Syncing asset /sub-298738/sub-298738_ses-20150727_behavior+ecephys+ogen.nwb
2020-10-09T16:30:35-0400 [WARNING ] backups2datalad.py Asset metadata does not include sha256 hash
2020-10-09T16:30:36-0400 [INFO    ] backups2datalad.py Asset in dataset, hash not available, and size is unchanged; will not update
2020-10-09T16:30:36-0400 [INFO    ] backups2datalad.py Syncing asset /sub-298738/sub-298738_ses-20150728_behavior+ecephys+ogen.nwb
2020-10-09T16:30:36-0400 [WARNING ] backups2datalad.py Asset metadata does not include sha256 hash
2020-10-09T16:30:36-0400 [INFO    ] backups2datalad.py Asset in dataset, hash not available, and size is unchanged; will not update
2020-10-09T16:30:36-0400 [INFO    ] backups2datalad.py Syncing asset /sub-298738/sub-298738_ses-20150729_behavior+ecephys+ogen.nwb
2020-10-09T16:30:36-0400 [WARNING ] backups2datalad.py Asset metadata does not include sha256 hash
2020-10-09T16:30:36-0400 [INFO    ] backups2datalad.py Asset in dataset, hash not available, and size is unchanged; will not update
2020-10-09T16:30:36-0400 [INFO    ] backups2datalad.py Syncing asset /sub-298740/sub-298740_ses-20150723_behavior+ecephys+ogen.nwb
2020-10-09T16:30:36-0400 [WARNING ] backups2datalad.py Asset metadata does not include sha256 hash
2020-10-09T16:30:36-0400 [INFO    ] backups2datalad.py Asset in dataset, hash not available, and size is unchanged; will not update
2020-10-09T16:30:36-0400 [INFO    ] backups2datalad.py Syncing asset /sub-298740/sub-298740_ses-20150724_behavior+ecephys+ogen.nwb
2020-10-09T16:30:36-0400 [WARNING ] backups2datalad.py Asset metadata does not include sha256 hash
2020-10-09T16:30:37-0400 [INFO    ] backups2datalad.py Asset in dataset, hash not available, and size is unchanged; will not update
2020-10-09T16:30:37-0400 [INFO    ] backups2datalad.py Syncing asset /sub-298740/sub-298740_ses-20150726_behavior+ecephys+ogen.nwb
2020-10-09T16:30:37-0400 [WARNING ] backups2datalad.py Asset metadata does not include sha256 hash
2020-10-09T16:30:37-0400 [INFO    ] backups2datalad.py Asset in dataset, hash not available, and size is unchanged; will not update
2020-10-09T16:30:37-0400 [INFO    ] backups2datalad.py Syncing asset /sub-298740/sub-298740_ses-20150729_behavior+ecephys+ogen.nwb
2020-10-09T16:30:37-0400 [WARNING ] backups2datalad.py Asset metadata does not include sha256 hash
2020-10-09T16:30:37-0400 [INFO    ] backups2datalad.py Asset in dataset, hash not available, and size is unchanged; will not update
2020-10-09T16:30:37-0400 [INFO    ] backups2datalad.py Commiting changes
2020-10-09T16:30:38-0400 [INFO    ] backups2datalad.py Creating GitHub sibling for 000011
2020-10-09T16:30:38-0400 [INFO    ] backups2datalad.py Pushing to sibling
2020-10-09T16:30:38-0400 [INFO    ] datalad.core.distributed.push Determine push target
2020-10-09T16:30:38-0400 [INFO    ] datalad.core.distributed.push Push refspecs
2020-10-09T16:30:38-0400 [INFO    ] datalad.core.distributed.push Transfer data
2020-10-09T16:30:38-0400 [INFO    ] datalad.core.distributed.push Update availability information
2020-10-09T16:30:39-0400 [INFO    ] datalad.gitrepo Start enumerating objects
2020-10-09T16:30:39-0400 [INFO    ] datalad.gitrepo Finished enumerating objects
2020-10-09T16:30:39-0400 [INFO    ] datalad.gitrepo Start counting objects
2020-10-09T16:30:39-0400 [INFO    ] datalad.gitrepo Counting objects:   9% (1/11)
2020-10-09T16:30:39-0400 [INFO    ] datalad.gitrepo Counting objects:  18% (2/11)
2020-10-09T16:30:39-0400 [INFO    ] datalad.gitrepo Counting objects:  27% (3/11)
2020-10-09T16:30:39-0400 [INFO    ] datalad.gitrepo Counting objects:  36% (4/11)
2020-10-09T16:30:39-0400 [INFO    ] datalad.gitrepo Counting objects:  45% (5/11)
2020-10-09T16:30:39-0400 [INFO    ] datalad.gitrepo Counting objects:  54% (6/11)
2020-10-09T16:30:39-0400 [INFO    ] datalad.gitrepo Counting objects:  63% (7/11)
2020-10-09T16:30:39-0400 [INFO    ] datalad.gitrepo Counting objects:  72% (8/11)
2020-10-09T16:30:39-0400 [INFO    ] datalad.gitrepo Counting objects:  81% (9/11)
2020-10-09T16:30:39-0400 [INFO    ] datalad.gitrepo Counting objects:  90% (10/11)
2020-10-09T16:30:39-0400 [INFO    ] datalad.gitrepo Counting objects: 100% (11/11)
2020-10-09T16:30:39-0400 [INFO    ] datalad.gitrepo Counting objects: 100% (11/11), done.
2020-10-09T16:30:39-0400 [INFO    ] datalad.gitrepo Finished counting objects
2020-10-09T16:30:39-0400 [INFO    ] datalad.gitrepo Start compressing objects
2020-10-09T16:30:39-0400 [INFO    ] datalad.gitrepo Compressing objects:  14% (1/7)
2020-10-09T16:30:39-0400 [INFO    ] datalad.gitrepo Compressing objects:  28% (2/7)
2020-10-09T16:30:39-0400 [INFO    ] datalad.gitrepo Compressing objects:  42% (3/7)
2020-10-09T16:30:39-0400 [INFO    ] datalad.gitrepo Compressing objects:  57% (4/7)
2020-10-09T16:30:39-0400 [INFO    ] datalad.gitrepo Compressing objects:  71% (5/7)
2020-10-09T16:30:39-0400 [INFO    ] datalad.gitrepo Compressing objects:  85% (6/7)
2020-10-09T16:30:39-0400 [INFO    ] datalad.gitrepo Compressing objects: 100% (7/7)
2020-10-09T16:30:39-0400 [INFO    ] datalad.gitrepo Compressing objects: 100% (7/7), done.
2020-10-09T16:30:39-0400 [INFO    ] datalad.gitrepo Finished compressing objects
2020-10-09T16:30:39-0400 [INFO    ] datalad.gitrepo Start writing objects
2020-10-09T16:30:39-0400 [INFO    ] datalad.gitrepo Writing objects:  14% (1/7)
2020-10-09T16:30:39-0400 [INFO    ] datalad.gitrepo Writing objects:  28% (2/7)
2020-10-09T16:30:39-0400 [INFO    ] datalad.gitrepo Writing objects:  42% (3/7)
2020-10-09T16:30:39-0400 [INFO    ] datalad.gitrepo Writing objects:  57% (4/7)
2020-10-09T16:30:39-0400 [INFO    ] datalad.gitrepo Writing objects:  71% (5/7)
2020-10-09T16:30:39-0400 [INFO    ] datalad.gitrepo Writing objects:  85% (6/7)
2020-10-09T16:30:39-0400 [INFO    ] datalad.gitrepo Writing objects: 100% (7/7)
2020-10-09T16:30:39-0400 [INFO    ] datalad.gitrepo Writing objects: 100% (7/7), 2.56 KiB | 654.00 KiB/s, done.
2020-10-09T16:30:39-0400 [INFO    ] datalad.gitrepo Finished writing objects
2020-10-09T16:30:39-0400 [INFO    ] datalad.gitrepo Start resolving deltas
2020-10-09T16:30:39-0400 [INFO    ] datalad.gitrepo remote: Resolving deltas:   0% (0/3)
2020-10-09T16:30:39-0400 [INFO    ] datalad.gitrepo remote: Resolving deltas:  33% (1/3)
2020-10-09T16:30:39-0400 [INFO    ] datalad.gitrepo remote: Resolving deltas: 100% (3/3)
2020-10-09T16:30:39-0400 [INFO    ] datalad.gitrepo remote: Resolving deltas: 100% (3/3), completed with 2 local objects.
2020-10-09T16:30:41-0400 [INFO    ] datalad.gitrepo Finished
2020-10-09T16:30:41-0400 [INFO    ] datalad.core.distributed.push Finished push of Dataset(/mnt/backup/dandi/dandiarchive-replica/000011)
